{"numFailedTestSuites":0,"numFailedTests":0,"numPassedTestSuites":3,"numPassedTests":21,"numPendingTestSuites":0,"numPendingTests":0,"numRuntimeErrorTestSuites":0,"numTodoTests":0,"numTotalTestSuites":3,"numTotalTests":21,"openHandles":[],"snapshot":{"added":0,"didUpdate":false,"failure":false,"filesAdded":0,"filesRemoved":0,"filesRemovedList":[],"filesUnmatched":0,"filesUpdated":0,"matched":0,"total":0,"unchecked":0,"uncheckedKeysByFile":[],"unmatched":0,"updated":0},"startTime":1789873222183,"success":true,"testResults":[{"assertionResults":[{"ancestorTitles":["real-time Memory presentation evidence"],"duration":164,"failureDetails":[],"failureMessages":[],"fullName":"real-time Memory presentation evidence repeat traversal does not widen, brighten, or duplicate presentation input","invocations":1,"location":null,"numPassingAsserts":4,"retryReasons":[],"status":"passed","title":"repeat traversal does not widen, brighten, or duplicate presentation input"},{"ancestorTitles":["real-time Memory presentation evidence"],"duration":308,"failureDetails":[],"failureMessages":[],"fullName":"real-time Memory presentation evidence turns and parallel sections retain their footprints without filling a never-covered interior","invocations":1,"location":null,"numPassingAsserts":34,"retryReasons":[],"status":"passed","title":"turns and parallel sections retain their footprints without filling a never-covered interior"},{"ancestorTitles":["real-time Memory presentation evidence"],"duration":244,"failureDetails":[],"failureMessages":[],"fullName":"real-time Memory presentation evidence tiled production geometry preserves the 30 m bound, disconnected evidence, and an unvisited hole","invocations":1,"location":null,"numPassingAsserts":41,"retryReasons":[],"status":"passed","title":"tiled production geometry preserves the 30 m bound, disconnected evidence, and an unvisited hole"},{"ancestorTitles":["real-time Memory presentation evidence"],"duration":3141,"failureDetails":[],"failureMessages":[],"fullName":"real-time Memory presentation evidence incremental production tiles retain every prior supported point and expose no area outside evidence","invocations":1,"location":null,"numPassingAsserts":17,"retryReasons":[],"status":"passed","title":"incremental production tiles retain every prior supported point and expose no area outside evidence"},{"ancestorTitles":["real-time Memory presentation evidence"],"duration":3254,"failureDetails":[],"failureMessages":[],"fullName":"real-time Memory presentation evidence exports representative standalone geometry timing with an explicit renderer label","invocations":1,"location":null,"numPassingAsserts":5,"retryReasons":[],"status":"passed","title":"exports representative standalone geometry timing with an explicit renderer label"}],"endTime":1789873231669,"message":"","name":"/Users/mzm/Desktop/cairn/CairnNZ/app/src/features/memory/__tests__/memoryLivePresentationEvidence.test.ts","startTime":1789873222633,"status":"passed","summary":""},{"assertionResults":[{"ancestorTitles":["revision-03 realistic Raw GPS -> live isolated Memory pipeline"],"duration":373,"failureDetails":[],"failureMessages":[],"fullName":"revision-03 realistic Raw GPS -> live isolated Memory pipeline R-GPS-01 seed 550101 unlocks Memory live, stays bounded at stop, finishes and reloads independently","invocations":1,"location":null,"numPassingAsserts":279,"retryReasons":[],"status":"passed","title":"R-GPS-01 seed 550101 unlocks Memory live, stays bounded at stop, finishes and reloads independently"},{"ancestorTitles":["revision-03 realistic Raw GPS -> live isolated Memory pipeline"],"duration":227,"failureDetails":[],"failureMessages":[],"fullName":"revision-03 realistic Raw GPS -> live isolated Memory pipeline R-GPS-01 seed 550102 unlocks Memory live, stays bounded at stop, finishes and reloads independently","invocations":1,"location":null,"numPassingAsserts":282,"retryReasons":[],"status":"passed","title":"R-GPS-01 seed 550102 unlocks Memory live, stays bounded at stop, finishes and reloads independently"},{"ancestorTitles":["revision-03 realistic Raw GPS -> live isolated Memory pipeline"],"duration":200,"failureDetails":[],"failureMessages":[],"fullName":"revision-03 realistic Raw GPS -> live isolated Memory pipeline R-GPS-01 seed 550103 unlocks Memory live, stays bounded at stop, finishes and reloads independently","invocations":1,"location":null,"numPassingAsserts":276,"retryReasons":[],"status":"passed","title":"R-GPS-01 seed 550103 unlocks Memory live, stays bounded at stop, finishes and reloads independently"},{"ancestorTitles":["revision-03 realistic Raw GPS -> live isolated Memory pipeline"],"duration":168,"failureDetails":[],"failureMessages":[],"fullName":"revision-03 realistic Raw GPS -> live isolated Memory pipeline R_GPS_02 seed 550202 crosses the same canonical and Memory boundary","invocations":1,"location":null,"numPassingAsserts":3,"retryReasons":[],"status":"passed","title":"R_GPS_02 seed 550202 crosses the same canonical and Memory boundary"},{"ancestorTitles":["revision-03 realistic Raw GPS -> live isolated Memory pipeline"],"duration":147,"failureDetails":[],"failureMessages":[],"fullName":"revision-03 realistic Raw GPS -> live isolated Memory pipeline R_GPS_03_NOISE seed 550303 crosses the same canonical and Memory boundary","invocations":1,"location":null,"numPassingAsserts":5,"retryReasons":[],"status":"passed","title":"R_GPS_03_NOISE seed 550303 crosses the same canonical and Memory boundary"},{"ancestorTitles":["revision-03 realistic Raw GPS -> live isolated Memory pipeline"],"duration":123,"failureDetails":[],"failureMessages":[],"fullName":"revision-03 realistic Raw GPS -> live isolated Memory pipeline R_GPS_03_EXCURSION seed 550304 crosses the same canonical and Memory boundary","invocations":1,"location":null,"numPassingAsserts":5,"retryReasons":[],"status":"passed","title":"R_GPS_03_EXCURSION seed 550304 crosses the same canonical and Memory boundary"},{"ancestorTitles":["revision-03 realistic Raw GPS -> live isolated Memory pipeline"],"duration":329,"failureDetails":[],"failureMessages":[],"fullName":"revision-03 realistic Raw GPS -> live isolated Memory pipeline R_GPS_04 seed 550404 crosses the same canonical and Memory boundary","invocations":1,"location":null,"numPassingAsserts":5,"retryReasons":[],"status":"passed","title":"R_GPS_04 seed 550404 crosses the same canonical and Memory boundary"},{"ancestorTitles":["revision-03 realistic Raw GPS -> live isolated Memory pipeline"],"duration":83,"failureDetails":[],"failureMessages":[],"fullName":"revision-03 realistic Raw GPS -> live isolated Memory pipeline R_GPS_05 seed 550505 crosses the same canonical and Memory boundary","invocations":1,"location":null,"numPassingAsserts":7,"retryReasons":[],"status":"passed","title":"R_GPS_05 seed 550505 crosses the same canonical and Memory boundary"},{"ancestorTitles":["revision-03 realistic Raw GPS -> live isolated Memory pipeline"],"duration":358,"failureDetails":[],"failureMessages":[],"fullName":"revision-03 realistic Raw GPS -> live isolated Memory pipeline R_GPS_06 seed 550606 crosses the same canonical and Memory boundary","invocations":1,"location":null,"numPassingAsserts":9,"retryReasons":[],"status":"passed","title":"R_GPS_06 seed 550606 crosses the same canonical and Memory boundary"},{"ancestorTitles":["revision-03 realistic Raw GPS -> live isolated Memory pipeline"],"duration":12,"failureDetails":[],"failureMessages":[],"fullName":"revision-03 realistic Raw GPS -> live isolated Memory pipeline loaded timing correlates one observation and an accepted Memory duplicate cannot impersonate a later mutation","invocations":1,"location":null,"numPassingAsserts":19,"retryReasons":[],"status":"passed","title":"loaded timing correlates one observation and an accepted Memory duplicate cannot impersonate a later mutation"},{"ancestorTitles":["revision-03 realistic Raw GPS -> live isolated Memory pipeline"],"duration":245,"failureDetails":[],"failureMessages":[],"fullName":"revision-03 realistic Raw GPS -> live isolated Memory pipeline R-GPS-07 repeat exploration traverses the O55 adapter twice, retains new presence, and keeps simulator evidence isolated","invocations":1,"location":null,"numPassingAsserts":14,"retryReasons":[],"status":"passed","title":"R-GPS-07 repeat exploration traverses the O55 adapter twice, retains new presence, and keeps simulator evidence isolated"}],"endTime":1789873234278,"message":"","name":"/Users/mzm/Desktop/cairn/CairnNZ/app/src/features/memory/__tests__/revision03RawGpsPipeline.test.ts","startTime":1789873231698,"status":"passed","summary":""},{"assertionResults":[{"ancestorTitles":["Memory evidence rendering continuity"],"duration":113,"failureDetails":[],"failureMessages":[],"fullName":"Memory evidence rendering continuity overlapping accepted evidence footprints form a continuous component","invocations":1,"location":null,"numPassingAsserts":2,"retryReasons":[],"status":"passed","title":"overlapping accepted evidence footprints form a continuous component"},{"ancestorTitles":["Memory evidence rendering continuity"],"duration":167,"failureDetails":[],"failureMessages":[],"fullName":"Memory evidence rendering continuity GPS gaps and fresh Activities never gain an inferred Memory bridge","invocations":1,"location":null,"numPassingAsserts":4,"retryReasons":[],"status":"passed","title":"GPS gaps and fresh Activities never gain an inferred Memory bridge"},{"ancestorTitles":["Memory evidence rendering continuity"],"duration":43,"failureDetails":[],"failureMessages":[],"fullName":"Memory evidence rendering continuity display smoothing remains clipped to the original accepted footprint","invocations":1,"location":null,"numPassingAsserts":4,"retryReasons":[],"status":"passed","title":"display smoothing remains clipped to the original accepted footprint"},{"ancestorTitles":["Memory evidence rendering continuity"],"duration":10,"failureDetails":[],"failureMessages":[],"fullName":"Memory evidence rendering continuity 1999/2000/2001 points cannot lose prior evidence at the former stride boundary","invocations":1,"location":null,"numPassingAsserts":3,"retryReasons":[],"status":"passed","title":"1999/2000/2001 points cannot lose prior evidence at the former stride boundary"},{"ancestorTitles":["Memory evidence rendering continuity"],"duration":4,"failureDetails":[],"failureMessages":[],"fullName":"Memory evidence rendering continuity middle geometry and friend authorization revisions invalidate equal-count caches","invocations":1,"location":null,"numPassingAsserts":4,"retryReasons":[],"status":"passed","title":"middle geometry and friend authorization revisions invalidate equal-count caches"}],"endTime":1789873235027,"message":"","name":"/Users/mzm/Desktop/cairn/CairnNZ/app/src/features/memory/__tests__/memoryFogContinuity.test.ts","startTime":1789873234286,"status":"passed","summary":""}],"wasInterrupted":false}
