{"numFailedTestSuites":1,"numFailedTests":1,"numPassedTestSuites":0,"numPassedTests":0,"numPendingTestSuites":0,"numPendingTests":5,"numRuntimeErrorTestSuites":0,"numTodoTests":0,"numTotalTestSuites":1,"numTotalTests":6,"openHandles":[],"snapshot":{"added":0,"didUpdate":false,"failure":false,"filesAdded":0,"filesRemoved":0,"filesRemovedList":[],"filesUnmatched":0,"filesUpdated":0,"matched":0,"total":0,"unchecked":0,"uncheckedKeysByFile":[],"unmatched":0,"updated":0},"startTime":1789823770441,"success":false,"testResults":[{"assertionResults":[{"ancestorTitles":["revision-03 representative distinct Memory scale and foreground responsiveness"],"duration":null,"failureDetails":[],"failureMessages":[],"fullName":"revision-03 representative distinct Memory scale and foreground responsiveness display-cache storage rejection is reported without an unhandled rejected write","invocations":1,"location":null,"numPassingAsserts":0,"retryReasons":[],"status":"pending","title":"display-cache storage rejection is reported without an unhandled rejected write"},{"ancestorTitles":["revision-03 representative distinct Memory scale and foreground responsiveness"],"duration":null,"failureDetails":[],"failureMessages":[],"fullName":"revision-03 representative distinct Memory scale and foreground responsiveness account purge fences and removes a deferred precise-geometry cache write","invocations":1,"location":null,"numPassingAsserts":0,"retryReasons":[],"status":"pending","title":"account purge fences and removes a deferred precise-geometry cache write"},{"ancestorTitles":["revision-03 representative distinct Memory scale and foreground responsiveness"],"duration":23803,"failureDetails":[{"matcherResult":{"message":"expect(received).toBeLessThan(expected)\n\nExpected: < 350\nReceived:   367.0326410000016","pass":false}}],"failureMessages":["Error: expect(received).toBeLessThan(expected)\n\nExpected: < 350\nReceived:   367.0326410000016\n    at Object.toBeLessThan (/Users/mzm/Desktop/cairn/CairnNZ/app/src/features/memory/__tests__/revision03MemoryScale.test.ts:399:41)\n    at Generator.next (<anonymous>)\n    at asyncGeneratorStep (/Users/mzm/Desktop/cairn/CairnNZ/app/node_modules/@babel/runtime/helpers/asyncToGenerator.js:3:17)\n    at _next (/Users/mzm/Desktop/cairn/CairnNZ/app/node_modules/@babel/runtime/helpers/asyncToGenerator.js:17:9)"],"fullName":"revision-03 representative distinct Memory scale and foreground responsiveness 2,001 distinct accepted footprints cold-load in bounded slices and retain truth during a live append","invocations":1,"location":null,"numPassingAsserts":16,"retryReasons":[],"status":"failed","title":"2,001 distinct accepted footprints cold-load in bounded slices and retain truth during a live append"},{"ancestorTitles":["revision-03 representative distinct Memory scale and foreground responsiveness"],"duration":null,"failureDetails":[],"failureMessages":[],"fullName":"revision-03 representative distinct Memory scale and foreground responsiveness 2,001-location self history plus 2,000 coarse friend cells stays tile-local and responsive","invocations":1,"location":null,"numPassingAsserts":0,"retryReasons":[],"status":"pending","title":"2,001-location self history plus 2,000 coarse friend cells stays tile-local and responsive"},{"ancestorTitles":["revision-03 representative distinct Memory scale and foreground responsiveness"],"duration":null,"failureDetails":[],"failureMessages":[],"fullName":"revision-03 representative distinct Memory scale and foreground responsiveness 10,000 distinct-location diagnostic retains every input without duplicate inflation","invocations":1,"location":null,"numPassingAsserts":0,"retryReasons":[],"status":"pending","title":"10,000 distinct-location diagnostic retains every input without duplicate inflation"},{"ancestorTitles":["revision-03 representative distinct Memory scale and foreground responsiveness"],"duration":null,"failureDetails":[],"failureMessages":[],"fullName":"revision-03 representative distinct Memory scale and foreground responsiveness a single tiled footprint stays within the exact 30 m ground-distance authority","invocations":1,"location":null,"numPassingAsserts":0,"retryReasons":[],"status":"pending","title":"a single tiled footprint stays within the exact 30 m ground-distance authority"}],"endTime":1789823799240,"message":"  ● revision-03 representative distinct Memory scale and foreground responsiveness › 2,001 distinct accepted footprints cold-load in bounded slices and retain truth during a live append\n\n    expect(received).toBeLessThan(expected)\n\n    Expected: < 350\n    Received:   367.0326410000016\n\n      397 |     expect(coldTotalMs).toBeLessThan(BUDGETS.coldLoad2001Ms);\n      398 |     expect(actionAcknowledgementMs).toBeLessThan(BUDGETS.scheduledActionAcknowledgementMs);\n    > 399 |     expect(incrementalGeometryUpdateMs).toBeLessThan(BUDGETS.incrementalGeometryUpdateMs);\n          |                                         ^\n      400 |     expect(cacheWriteMetrics.maxEncodeSliceMs).toBeLessThan(BUDGETS.cacheSynchronousSliceMs);\n      401 |     expect(cacheWriteMetrics.maxChunkWriteMs).toBeLessThan(BUDGETS.cacheSynchronousSliceMs);\n      402 |     expect(cacheReadMetrics?.maxParseSliceMs ?? Infinity).toBeLessThan(BUDGETS.cacheSynchronousSliceMs);\n\n      at Object.toBeLessThan (src/features/memory/__tests__/revision03MemoryScale.test.ts:399:41)\n      at asyncGeneratorStep (node_modules/@babel/runtime/helpers/asyncToGenerator.js:3:17)\n      at _next (node_modules/@babel/runtime/helpers/asyncToGenerator.js:17:9)\n","name":"/Users/mzm/Desktop/cairn/CairnNZ/app/src/features/memory/__tests__/revision03MemoryScale.test.ts","startTime":1789823771138,"status":"failed","summary":""}],"wasInterrupted":false}
