{"numFailedTestSuites":0,"numFailedTests":0,"numPassedTestSuites":1,"numPassedTests":1,"numPendingTestSuites":0,"numPendingTests":5,"numRuntimeErrorTestSuites":0,"numTodoTests":0,"numTotalTestSuites":1,"numTotalTests":6,"openHandles":[],"snapshot":{"added":0,"didUpdate":false,"failure":false,"filesAdded":0,"filesRemoved":0,"filesRemovedList":[],"filesUnmatched":0,"filesUpdated":0,"matched":0,"total":0,"unchecked":0,"uncheckedKeysByFile":[],"unmatched":0,"updated":0},"startTime":1789871830422,"success":true,"testResults":[{"assertionResults":[{"ancestorTitles":["revision-03 representative distinct Memory scale and foreground responsiveness"],"duration":null,"failureDetails":[],"failureMessages":[],"fullName":"revision-03 representative distinct Memory scale and foreground responsiveness display-cache storage rejection is reported without an unhandled rejected write","invocations":1,"location":null,"numPassingAsserts":0,"retryReasons":[],"status":"pending","title":"display-cache storage rejection is reported without an unhandled rejected write"},{"ancestorTitles":["revision-03 representative distinct Memory scale and foreground responsiveness"],"duration":null,"failureDetails":[],"failureMessages":[],"fullName":"revision-03 representative distinct Memory scale and foreground responsiveness account purge fences and removes a deferred precise-geometry cache write","invocations":1,"location":null,"numPassingAsserts":0,"retryReasons":[],"status":"pending","title":"account purge fences and removes a deferred precise-geometry cache write"},{"ancestorTitles":["revision-03 representative distinct Memory scale and foreground responsiveness"],"duration":null,"failureDetails":[],"failureMessages":[],"fullName":"revision-03 representative distinct Memory scale and foreground responsiveness 2,001 distinct accepted footprints cold-load in bounded slices and retain truth during a live append","invocations":1,"location":null,"numPassingAsserts":0,"retryReasons":[],"status":"pending","title":"2,001 distinct accepted footprints cold-load in bounded slices and retain truth during a live append"},{"ancestorTitles":["revision-03 representative distinct Memory scale and foreground responsiveness"],"duration":null,"failureDetails":[],"failureMessages":[],"fullName":"revision-03 representative distinct Memory scale and foreground responsiveness 2,001-location self history plus 2,000 coarse friend cells stays tile-local and responsive","invocations":1,"location":null,"numPassingAsserts":0,"retryReasons":[],"status":"pending","title":"2,001-location self history plus 2,000 coarse friend cells stays tile-local and responsive"},{"ancestorTitles":["revision-03 representative distinct Memory scale and foreground responsiveness"],"duration":75236,"failureDetails":[],"failureMessages":[],"fullName":"revision-03 representative distinct Memory scale and foreground responsiveness 10,000 distinct-location diagnostic retains every input without duplicate inflation","invocations":1,"location":null,"numPassingAsserts":10,"retryReasons":[],"status":"passed","title":"10,000 distinct-location diagnostic retains every input without duplicate inflation"},{"ancestorTitles":["revision-03 representative distinct Memory scale and foreground responsiveness"],"duration":null,"failureDetails":[],"failureMessages":[],"fullName":"revision-03 representative distinct Memory scale and foreground responsiveness a single tiled footprint stays within the exact 30 m ground-distance authority","invocations":1,"location":null,"numPassingAsserts":0,"retryReasons":[],"status":"pending","title":"a single tiled footprint stays within the exact 30 m ground-distance authority"}],"endTime":1789871915245,"message":"","name":"/Users/mzm/Desktop/cairn/CairnNZ/app/src/features/memory/__tests__/revision03MemoryScale.test.ts","startTime":1789871832058,"status":"focused","summary":""}],"wasInterrupted":false}
