{"numFailedTestSuites":0,"numFailedTests":0,"numPassedTestSuites":1,"numPassedTests":6,"numPendingTestSuites":0,"numPendingTests":0,"numRuntimeErrorTestSuites":0,"numTodoTests":0,"numTotalTestSuites":1,"numTotalTests":6,"openHandles":[],"snapshot":{"added":0,"didUpdate":false,"failure":false,"filesAdded":0,"filesRemoved":0,"filesRemovedList":[],"filesUnmatched":0,"filesUpdated":0,"matched":0,"total":0,"unchecked":0,"uncheckedKeysByFile":[],"unmatched":0,"updated":0},"startTime":1789823963672,"success":true,"testResults":[{"assertionResults":[{"ancestorTitles":["revision-03 representative distinct Memory scale and foreground responsiveness"],"duration":34,"failureDetails":[],"failureMessages":[],"fullName":"revision-03 representative distinct Memory scale and foreground responsiveness display-cache storage rejection is reported without an unhandled rejected write","invocations":1,"location":null,"numPassingAsserts":1,"retryReasons":[],"status":"passed","title":"display-cache storage rejection is reported without an unhandled rejected write"},{"ancestorTitles":["revision-03 representative distinct Memory scale and foreground responsiveness"],"duration":6,"failureDetails":[],"failureMessages":[],"fullName":"revision-03 representative distinct Memory scale and foreground responsiveness account purge fences and removes a deferred precise-geometry cache write","invocations":1,"location":null,"numPassingAsserts":5,"retryReasons":[],"status":"passed","title":"account purge fences and removes a deferred precise-geometry cache write"},{"ancestorTitles":["revision-03 representative distinct Memory scale and foreground responsiveness"],"duration":17942,"failureDetails":[],"failureMessages":[],"fullName":"revision-03 representative distinct Memory scale and foreground responsiveness 2,001 distinct accepted footprints cold-load in bounded slices and retain truth during a live append","invocations":1,"location":null,"numPassingAsserts":21,"retryReasons":[],"status":"passed","title":"2,001 distinct accepted footprints cold-load in bounded slices and retain truth during a live append"},{"ancestorTitles":["revision-03 representative distinct Memory scale and foreground responsiveness"],"duration":35708,"failureDetails":[],"failureMessages":[],"fullName":"revision-03 representative distinct Memory scale and foreground responsiveness 2,001-location self history plus 2,000 coarse friend cells stays tile-local and responsive","invocations":1,"location":null,"numPassingAsserts":9,"retryReasons":[],"status":"passed","title":"2,001-location self history plus 2,000 coarse friend cells stays tile-local and responsive"},{"ancestorTitles":["revision-03 representative distinct Memory scale and foreground responsiveness"],"duration":77095,"failureDetails":[],"failureMessages":[],"fullName":"revision-03 representative distinct Memory scale and foreground responsiveness 10,000 distinct-location diagnostic retains every input without duplicate inflation","invocations":1,"location":null,"numPassingAsserts":10,"retryReasons":[],"status":"passed","title":"10,000 distinct-location diagnostic retains every input without duplicate inflation"},{"ancestorTitles":["revision-03 representative distinct Memory scale and foreground responsiveness"],"duration":28,"failureDetails":[],"failureMessages":[],"fullName":"revision-03 representative distinct Memory scale and foreground responsiveness a single tiled footprint stays within the exact 30 m ground-distance authority","invocations":1,"location":null,"numPassingAsserts":3,"retryReasons":[],"status":"passed","title":"a single tiled footprint stays within the exact 30 m ground-distance authority"}],"endTime":1789824096801,"message":"","name":"/Users/mzm/Desktop/cairn/CairnNZ/app/src/features/memory/__tests__/revision03MemoryScale.test.ts","startTime":1789823964109,"status":"passed","summary":""}],"wasInterrupted":false}
