{"numFailedTestSuites":0,"numFailedTests":0,"numPassedTestSuites":7,"numPassedTests":46,"numPendingTestSuites":0,"numPendingTests":0,"numRuntimeErrorTestSuites":0,"numTodoTests":0,"numTotalTestSuites":7,"numTotalTests":46,"openHandles":[],"snapshot":{"added":0,"didUpdate":false,"failure":false,"filesAdded":0,"filesRemoved":0,"filesRemovedList":[],"filesUnmatched":0,"filesUpdated":0,"matched":0,"total":0,"unchecked":0,"uncheckedKeysByFile":[],"unmatched":0,"updated":0},"startTime":1789824193017,"success":true,"testResults":[{"assertionResults":[{"ancestorTitles":["real-time Memory presentation evidence"],"duration":172,"failureDetails":[],"failureMessages":[],"fullName":"real-time Memory presentation evidence repeat traversal does not widen, brighten, or duplicate presentation input","invocations":1,"location":null,"numPassingAsserts":4,"retryReasons":[],"status":"passed","title":"repeat traversal does not widen, brighten, or duplicate presentation input"},{"ancestorTitles":["real-time Memory presentation evidence"],"duration":353,"failureDetails":[],"failureMessages":[],"fullName":"real-time Memory presentation evidence turns and parallel sections retain their footprints without filling a never-covered interior","invocations":1,"location":null,"numPassingAsserts":34,"retryReasons":[],"status":"passed","title":"turns and parallel sections retain their footprints without filling a never-covered interior"},{"ancestorTitles":["real-time Memory presentation evidence"],"duration":366,"failureDetails":[],"failureMessages":[],"fullName":"real-time Memory presentation evidence tiled production geometry preserves the 30 m bound, disconnected evidence, and an unvisited hole","invocations":1,"location":null,"numPassingAsserts":41,"retryReasons":[],"status":"passed","title":"tiled production geometry preserves the 30 m bound, disconnected evidence, and an unvisited hole"},{"ancestorTitles":["real-time Memory presentation evidence"],"duration":4064,"failureDetails":[],"failureMessages":[],"fullName":"real-time Memory presentation evidence incremental production tiles retain every prior supported point and expose no area outside evidence","invocations":1,"location":null,"numPassingAsserts":17,"retryReasons":[],"status":"passed","title":"incremental production tiles retain every prior supported point and expose no area outside evidence"},{"ancestorTitles":["real-time Memory presentation evidence"],"duration":4179,"failureDetails":[],"failureMessages":[],"fullName":"real-time Memory presentation evidence exports representative standalone geometry timing with an explicit renderer label","invocations":1,"location":null,"numPassingAsserts":5,"retryReasons":[],"status":"passed","title":"exports representative standalone geometry timing with an explicit renderer label"}],"endTime":1789824204478,"message":"","name":"/Users/mzm/Desktop/cairn/CairnNZ/app/src/features/memory/__tests__/memoryLivePresentationEvidence.test.ts","startTime":1789824193461,"status":"passed","summary":""},{"assertionResults":[{"ancestorTitles":["Memory evidence rendering continuity"],"duration":107,"failureDetails":[],"failureMessages":[],"fullName":"Memory evidence rendering continuity overlapping accepted evidence footprints form a continuous component","invocations":1,"location":null,"numPassingAsserts":2,"retryReasons":[],"status":"passed","title":"overlapping accepted evidence footprints form a continuous component"},{"ancestorTitles":["Memory evidence rendering continuity"],"duration":178,"failureDetails":[],"failureMessages":[],"fullName":"Memory evidence rendering continuity GPS gaps and fresh Activities never gain an inferred Memory bridge","invocations":1,"location":null,"numPassingAsserts":4,"retryReasons":[],"status":"passed","title":"GPS gaps and fresh Activities never gain an inferred Memory bridge"},{"ancestorTitles":["Memory evidence rendering continuity"],"duration":33,"failureDetails":[],"failureMessages":[],"fullName":"Memory evidence rendering continuity display smoothing remains clipped to the original accepted footprint","invocations":1,"location":null,"numPassingAsserts":4,"retryReasons":[],"status":"passed","title":"display smoothing remains clipped to the original accepted footprint"},{"ancestorTitles":["Memory evidence rendering continuity"],"duration":10,"failureDetails":[],"failureMessages":[],"fullName":"Memory evidence rendering continuity 1999/2000/2001 points cannot lose prior evidence at the former stride boundary","invocations":1,"location":null,"numPassingAsserts":3,"retryReasons":[],"status":"passed","title":"1999/2000/2001 points cannot lose prior evidence at the former stride boundary"},{"ancestorTitles":["Memory evidence rendering continuity"],"duration":1,"failureDetails":[],"failureMessages":[],"fullName":"Memory evidence rendering continuity middle geometry and friend authorization revisions invalidate equal-count caches","invocations":1,"location":null,"numPassingAsserts":4,"retryReasons":[],"status":"passed","title":"middle geometry and friend authorization revisions invalidate equal-count caches"}],"endTime":1789824205208,"message":"","name":"/Users/mzm/Desktop/cairn/CairnNZ/app/src/features/memory/__tests__/memoryFogContinuity.test.ts","startTime":1789824204498,"status":"passed","summary":""},{"assertionResults":[{"ancestorTitles":["revision-03 realistic Raw GPS -> live isolated Memory pipeline"],"duration":407,"failureDetails":[],"failureMessages":[],"fullName":"revision-03 realistic Raw GPS -> live isolated Memory pipeline R-GPS-01 seed 550101 unlocks Memory live, stays bounded at stop, finishes and reloads independently","invocations":1,"location":null,"numPassingAsserts":279,"retryReasons":[],"status":"passed","title":"R-GPS-01 seed 550101 unlocks Memory live, stays bounded at stop, finishes and reloads independently"},{"ancestorTitles":["revision-03 realistic Raw GPS -> live isolated Memory pipeline"],"duration":255,"failureDetails":[],"failureMessages":[],"fullName":"revision-03 realistic Raw GPS -> live isolated Memory pipeline R-GPS-01 seed 550102 unlocks Memory live, stays bounded at stop, finishes and reloads independently","invocations":1,"location":null,"numPassingAsserts":282,"retryReasons":[],"status":"passed","title":"R-GPS-01 seed 550102 unlocks Memory live, stays bounded at stop, finishes and reloads independently"},{"ancestorTitles":["revision-03 realistic Raw GPS -> live isolated Memory pipeline"],"duration":209,"failureDetails":[],"failureMessages":[],"fullName":"revision-03 realistic Raw GPS -> live isolated Memory pipeline R-GPS-01 seed 550103 unlocks Memory live, stays bounded at stop, finishes and reloads independently","invocations":1,"location":null,"numPassingAsserts":276,"retryReasons":[],"status":"passed","title":"R-GPS-01 seed 550103 unlocks Memory live, stays bounded at stop, finishes and reloads independently"},{"ancestorTitles":["revision-03 realistic Raw GPS -> live isolated Memory pipeline"],"duration":187,"failureDetails":[],"failureMessages":[],"fullName":"revision-03 realistic Raw GPS -> live isolated Memory pipeline R_GPS_02 seed 550202 crosses the same canonical and Memory boundary","invocations":1,"location":null,"numPassingAsserts":3,"retryReasons":[],"status":"passed","title":"R_GPS_02 seed 550202 crosses the same canonical and Memory boundary"},{"ancestorTitles":["revision-03 realistic Raw GPS -> live isolated Memory pipeline"],"duration":173,"failureDetails":[],"failureMessages":[],"fullName":"revision-03 realistic Raw GPS -> live isolated Memory pipeline R_GPS_03_NOISE seed 550303 crosses the same canonical and Memory boundary","invocations":1,"location":null,"numPassingAsserts":5,"retryReasons":[],"status":"passed","title":"R_GPS_03_NOISE seed 550303 crosses the same canonical and Memory boundary"},{"ancestorTitles":["revision-03 realistic Raw GPS -> live isolated Memory pipeline"],"duration":134,"failureDetails":[],"failureMessages":[],"fullName":"revision-03 realistic Raw GPS -> live isolated Memory pipeline R_GPS_03_EXCURSION seed 550304 crosses the same canonical and Memory boundary","invocations":1,"location":null,"numPassingAsserts":5,"retryReasons":[],"status":"passed","title":"R_GPS_03_EXCURSION seed 550304 crosses the same canonical and Memory boundary"},{"ancestorTitles":["revision-03 realistic Raw GPS -> live isolated Memory pipeline"],"duration":351,"failureDetails":[],"failureMessages":[],"fullName":"revision-03 realistic Raw GPS -> live isolated Memory pipeline R_GPS_04 seed 550404 crosses the same canonical and Memory boundary","invocations":1,"location":null,"numPassingAsserts":5,"retryReasons":[],"status":"passed","title":"R_GPS_04 seed 550404 crosses the same canonical and Memory boundary"},{"ancestorTitles":["revision-03 realistic Raw GPS -> live isolated Memory pipeline"],"duration":85,"failureDetails":[],"failureMessages":[],"fullName":"revision-03 realistic Raw GPS -> live isolated Memory pipeline R_GPS_05 seed 550505 crosses the same canonical and Memory boundary","invocations":1,"location":null,"numPassingAsserts":7,"retryReasons":[],"status":"passed","title":"R_GPS_05 seed 550505 crosses the same canonical and Memory boundary"},{"ancestorTitles":["revision-03 realistic Raw GPS -> live isolated Memory pipeline"],"duration":409,"failureDetails":[],"failureMessages":[],"fullName":"revision-03 realistic Raw GPS -> live isolated Memory pipeline R_GPS_06 seed 550606 crosses the same canonical and Memory boundary","invocations":1,"location":null,"numPassingAsserts":9,"retryReasons":[],"status":"passed","title":"R_GPS_06 seed 550606 crosses the same canonical and Memory boundary"},{"ancestorTitles":["revision-03 realistic Raw GPS -> live isolated Memory pipeline"],"duration":9,"failureDetails":[],"failureMessages":[],"fullName":"revision-03 realistic Raw GPS -> live isolated Memory pipeline loaded timing correlates one observation and an accepted Memory duplicate cannot impersonate a later mutation","invocations":1,"location":null,"numPassingAsserts":19,"retryReasons":[],"status":"passed","title":"loaded timing correlates one observation and an accepted Memory duplicate cannot impersonate a later mutation"},{"ancestorTitles":["revision-03 realistic Raw GPS -> live isolated Memory pipeline"],"duration":244,"failureDetails":[],"failureMessages":[],"fullName":"revision-03 realistic Raw GPS -> live isolated Memory pipeline R-GPS-07 repeat exploration traverses the O55 adapter twice, retains new presence, and keeps simulator evidence isolated","invocations":1,"location":null,"numPassingAsserts":14,"retryReasons":[],"status":"passed","title":"R-GPS-07 repeat exploration traverses the O55 adapter twice, retains new presence, and keeps simulator evidence isolated"}],"endTime":1789824207977,"message":"","name":"/Users/mzm/Desktop/cairn/CairnNZ/app/src/features/memory/__tests__/revision03RawGpsPipeline.test.ts","startTime":1789824205213,"status":"passed","summary":""},{"assertionResults":[{"ancestorTitles":["deleted-account local ownership isolation"],"duration":3,"failureDetails":[],"failureMessages":[],"fullName":"deleted-account local ownership isolation purge requires an exact owner and removes every owner-scoped durable family","invocations":1,"location":null,"numPassingAsserts":24,"retryReasons":[],"status":"passed","title":"purge requires an exact owner and removes every owner-scoped durable family"},{"ancestorTitles":["deleted-account local ownership isolation"],"duration":4,"failureDetails":[],"failureMessages":[],"fullName":"deleted-account local ownership isolation real purge removes all A cache families and preserves matching B cache families","invocations":1,"location":null,"numPassingAsserts":23,"retryReasons":[],"status":"passed","title":"real purge removes all A cache families and preserves matching B cache families"},{"ancestorTitles":["deleted-account local ownership isolation"],"duration":1,"failureDetails":[],"failureMessages":[],"fullName":"deleted-account local ownership isolation an interrupted server-accepted deletion resumes before another account hydrates","invocations":1,"location":null,"numPassingAsserts":6,"retryReasons":[],"status":"passed","title":"an interrupted server-accepted deletion resumes before another account hydrates"},{"ancestorTitles":["deleted-account local ownership isolation"],"duration":1,"failureDetails":[],"failureMessages":[],"fullName":"deleted-account local ownership isolation precise last position and account hierarchy cache cannot leak to the next account","invocations":1,"location":null,"numPassingAsserts":4,"retryReasons":[],"status":"passed","title":"precise last position and account hierarchy cache cannot leak to the next account"},{"ancestorTitles":["deleted-account local ownership isolation"],"duration":0,"failureDetails":[],"failureMessages":[],"fullName":"deleted-account local ownership isolation device preferences and internal build capability are deliberately not wiped","invocations":1,"location":null,"numPassingAsserts":2,"retryReasons":[],"status":"passed","title":"device preferences and internal build capability are deliberately not wiped"}],"endTime":1789824208085,"message":"","name":"/Users/mzm/Desktop/cairn/CairnNZ/app/src/services/__tests__/accountLocalDataContract.test.ts","startTime":1789824207985,"status":"passed","summary":""},{"assertionResults":[{"ancestorTitles":["shared Memory authority initialization"],"duration":4,"failureDetails":[],"failureMessages":[],"fullName":"shared Memory authority initialization authenticated app lifecycle starts local persistence, sync and a server reconcile","invocations":1,"location":null,"numPassingAsserts":6,"retryReasons":[],"status":"passed","title":"authenticated app lifecycle starts local persistence, sync and a server reconcile"},{"ancestorTitles":["shared Memory authority initialization"],"duration":1,"failureDetails":[],"failureMessages":[],"fullName":"shared Memory authority initialization Memory screen lifecycle cannot initialize or detach the shared point authority","invocations":1,"location":null,"numPassingAsserts":4,"retryReasons":[],"status":"passed","title":"Memory screen lifecycle cannot initialize or detach the shared point authority"},{"ancestorTitles":["shared Memory authority initialization"],"duration":1,"failureDetails":[],"failureMessages":[],"fullName":"shared Memory authority initialization an authoritative empty Memory snapshot invalidates cached fog geometry","invocations":1,"location":null,"numPassingAsserts":5,"retryReasons":[],"status":"passed","title":"an authoritative empty Memory snapshot invalidates cached fog geometry"}],"endTime":1789824208181,"message":"","name":"/Users/mzm/Desktop/cairn/CairnNZ/app/src/features/memory/__tests__/memoryAuthorityInitialization.test.ts","startTime":1789824208098,"status":"passed","summary":""},{"assertionResults":[{"ancestorTitles":["Memory durable ownership boundary"],"duration":13,"failureDetails":[],"failureMessages":[],"fullName":"Memory durable ownership boundary an evidence callback queued by Account A cannot commit after Account B takes over","invocations":1,"location":null,"numPassingAsserts":4,"retryReasons":[],"status":"passed","title":"an evidence callback queued by Account A cannot commit after Account B takes over"},{"ancestorTitles":["Memory durable ownership boundary"],"duration":55,"failureDetails":[],"failureMessages":[],"fullName":"Memory durable ownership boundary a durable flush propagates a strict storage failure","invocations":1,"location":null,"numPassingAsserts":2,"retryReasons":[],"status":"passed","title":"a durable flush propagates a strict storage failure"},{"ancestorTitles":["Memory durable ownership boundary"],"duration":8,"failureDetails":[],"failureMessages":[],"fullName":"Memory durable ownership boundary oversized Memory hydration never attaches an empty writer","invocations":1,"location":null,"numPassingAsserts":4,"retryReasons":[],"status":"passed","title":"oversized Memory hydration never attaches an empty writer"},{"ancestorTitles":["Memory durable ownership boundary"],"duration":8,"failureDetails":[],"failureMessages":[],"fullName":"Memory durable ownership boundary corrupt Memory hydration never attaches an empty writer","invocations":1,"location":null,"numPassingAsserts":4,"retryReasons":[],"status":"passed","title":"corrupt Memory hydration never attaches an empty writer"},{"ancestorTitles":["Memory durable ownership boundary"],"duration":7,"failureDetails":[],"failureMessages":[],"fullName":"Memory durable ownership boundary partial Memory hydration never attaches an empty writer","invocations":1,"location":null,"numPassingAsserts":4,"retryReasons":[],"status":"passed","title":"partial Memory hydration never attaches an empty writer"},{"ancestorTitles":["Memory durable ownership boundary"],"duration":5,"failureDetails":[],"failureMessages":[],"fullName":"Memory durable ownership boundary failed Memory storage read is not treated as valid empty Memory","invocations":1,"location":null,"numPassingAsserts":2,"retryReasons":[],"status":"passed","title":"failed Memory storage read is not treated as valid empty Memory"}],"endTime":1789824208366,"message":"","name":"/Users/mzm/Desktop/cairn/CairnNZ/app/src/features/memory/__tests__/memoryDurabilityBoundary.test.ts","startTime":1789824208186,"status":"passed","summary":""},{"assertionResults":[{"ancestorTitles":["central Memory semantic authority"],"duration":1,"failureDetails":[],"failureMessages":[],"fullName":"central Memory semantic authority overlapping Activity, passive and Cairn evidence creates one explored place","invocations":1,"location":null,"numPassingAsserts":1,"retryReasons":[],"status":"passed","title":"overlapping Activity, passive and Cairn evidence creates one explored place"},{"ancestorTitles":["central Memory semantic authority"],"duration":1,"failureDetails":[],"failureMessages":[],"fullName":"central Memory semantic authority distinct explored cells remain independent","invocations":1,"location":null,"numPassingAsserts":1,"retryReasons":[],"status":"passed","title":"distinct explored cells remain independent"},{"ancestorTitles":["central Memory semantic authority"],"duration":1,"failureDetails":[],"failureMessages":[],"fullName":"central Memory semantic authority server acknowledgement does not replace the client Memory identity or geometry","invocations":1,"location":null,"numPassingAsserts":1,"retryReasons":[],"status":"passed","title":"server acknowledgement does not replace the client Memory identity or geometry"},{"ancestorTitles":["central Memory semantic authority"],"duration":2,"failureDetails":[],"failureMessages":[],"fullName":"central Memory semantic authority a later real return preserves presence without inflating coverage","invocations":1,"location":null,"numPassingAsserts":5,"retryReasons":[],"status":"passed","title":"a later real return preserves presence without inflating coverage"},{"ancestorTitles":["central Memory semantic authority"],"duration":1,"failureDetails":[],"failureMessages":[],"fullName":"central Memory semantic authority a later real Activity at the same place is a new witness, not new coverage","invocations":1,"location":null,"numPassingAsserts":4,"retryReasons":[],"status":"passed","title":"a later real Activity at the same place is a new witness, not new coverage"},{"ancestorTitles":["central Memory semantic authority"],"duration":1,"failureDetails":[],"failureMessages":[],"fullName":"central Memory semantic authority stale repeats do not inflate presence, while a fresh same-context observation advances latest only","invocations":1,"location":null,"numPassingAsserts":4,"retryReasons":[],"status":"passed","title":"stale repeats do not inflate presence, while a fresh same-context observation advances latest only"},{"ancestorTitles":["central Memory semantic authority"],"duration":1,"failureDetails":[],"failureMessages":[],"fullName":"central Memory semantic authority stronger real provenance is additive and never rewrites old provenance","invocations":1,"location":null,"numPassingAsserts":3,"retryReasons":[],"status":"passed","title":"stronger real provenance is additive and never rewrites old provenance"},{"ancestorTitles":["central Memory semantic authority"],"duration":0,"failureDetails":[],"failureMessages":[],"fullName":"central Memory semantic authority unknown, simulator, inaccurate, or unresolved evidence creates no real presence witness","invocations":1,"location":null,"numPassingAsserts":1,"retryReasons":[],"status":"passed","title":"unknown, simulator, inaccurate, or unresolved evidence creates no real presence witness"},{"ancestorTitles":["central Memory semantic authority"],"duration":1,"failureDetails":[],"failureMessages":[],"fullName":"central Memory semantic authority unknown, simulator, inaccurate, or unresolved evidence creates no real presence witness","invocations":1,"location":null,"numPassingAsserts":1,"retryReasons":[],"status":"passed","title":"unknown, simulator, inaccurate, or unresolved evidence creates no real presence witness"},{"ancestorTitles":["central Memory semantic authority"],"duration":1,"failureDetails":[],"failureMessages":[],"fullName":"central Memory semantic authority unknown, simulator, inaccurate, or unresolved evidence creates no real presence witness","invocations":1,"location":null,"numPassingAsserts":1,"retryReasons":[],"status":"passed","title":"unknown, simulator, inaccurate, or unresolved evidence creates no real presence witness"},{"ancestorTitles":["central Memory semantic authority"],"duration":0,"failureDetails":[],"failureMessages":[],"fullName":"central Memory semantic authority unknown, simulator, inaccurate, or unresolved evidence creates no real presence witness","invocations":1,"location":null,"numPassingAsserts":1,"retryReasons":[],"status":"passed","title":"unknown, simulator, inaccurate, or unresolved evidence creates no real presence witness"}],"endTime":1789824208471,"message":"","name":"/Users/mzm/Desktop/cairn/CairnNZ/app/src/features/memory/__tests__/memoryEvidenceAuthority.test.ts","startTime":1789824208370,"status":"passed","summary":""}],"wasInterrupted":false}
