{"numFailedTestSuites":1,"numFailedTests":3,"numPassedTestSuites":0,"numPassedTests":2,"numPendingTestSuites":0,"numPendingTests":0,"numRuntimeErrorTestSuites":0,"numTodoTests":0,"numTotalTestSuites":1,"numTotalTests":5,"openHandles":[],"snapshot":{"added":0,"didUpdate":false,"failure":false,"filesAdded":0,"filesRemoved":0,"filesRemovedList":[],"filesUnmatched":0,"filesUpdated":0,"matched":0,"total":0,"unchecked":0,"uncheckedKeysByFile":[],"unmatched":0,"updated":0},"startTime":1789822291660,"success":false,"testResults":[{"assertionResults":[{"ancestorTitles":["revision-03 representative distinct Memory scale and foreground responsiveness"],"duration":34,"failureDetails":[],"failureMessages":[],"fullName":"revision-03 representative distinct Memory scale and foreground responsiveness display-cache storage rejection is reported without an unhandled rejected write","invocations":1,"location":null,"numPassingAsserts":1,"retryReasons":[],"status":"passed","title":"display-cache storage rejection is reported without an unhandled rejected write"},{"ancestorTitles":["revision-03 representative distinct Memory scale and foreground responsiveness"],"duration":18069,"failureDetails":[{"matcherResult":{"message":"expect(received).toBeLessThan(expected)\n\nExpected: < 150\nReceived:   164","pass":false}}],"failureMessages":["Error: expect(received).toBeLessThan(expected)\n\nExpected: < 150\nReceived:   164\n    at Object.toBeLessThan (/Users/mzm/Desktop/cairn/CairnNZ/app/src/features/memory/__tests__/revision03MemoryScale.test.ts:347:35)\n    at Generator.next (<anonymous>)\n    at asyncGeneratorStep (/Users/mzm/Desktop/cairn/CairnNZ/app/node_modules/@babel/runtime/helpers/asyncToGenerator.js:3:17)\n    at _next (/Users/mzm/Desktop/cairn/CairnNZ/app/node_modules/@babel/runtime/helpers/asyncToGenerator.js:17:9)"],"fullName":"revision-03 representative distinct Memory scale and foreground responsiveness 2,001 distinct accepted footprints cold-load in bounded slices and retain truth during a live append","invocations":1,"location":null,"numPassingAsserts":10,"retryReasons":[],"status":"failed","title":"2,001 distinct accepted footprints cold-load in bounded slices and retain truth during a live append"},{"ancestorTitles":["revision-03 representative distinct Memory scale and foreground responsiveness"],"duration":52717,"failureDetails":[{"matcherResult":{"message":"expect(received).toBeLessThan(expected)\n\nExpected: < 150\nReceived:   161","pass":false}}],"failureMessages":["Error: expect(received).toBeLessThan(expected)\n\nExpected: < 150\nReceived:   161\n    at Object.toBeLessThan (/Users/mzm/Desktop/cairn/CairnNZ/app/src/features/memory/__tests__/revision03MemoryScale.test.ts:382:24)\n    at Generator.next (<anonymous>)\n    at asyncGeneratorStep (/Users/mzm/Desktop/cairn/CairnNZ/app/node_modules/@babel/runtime/helpers/asyncToGenerator.js:3:17)\n    at _next (/Users/mzm/Desktop/cairn/CairnNZ/app/node_modules/@babel/runtime/helpers/asyncToGenerator.js:17:9)"],"fullName":"revision-03 representative distinct Memory scale and foreground responsiveness 2,001-location self history plus 2,000 coarse friend cells stays tile-local and responsive","invocations":1,"location":null,"numPassingAsserts":5,"retryReasons":[],"status":"failed","title":"2,001-location self history plus 2,000 coarse friend cells stays tile-local and responsive"},{"ancestorTitles":["revision-03 representative distinct Memory scale and foreground responsiveness"],"duration":92211,"failureDetails":[{"matcherResult":{"message":"expect(received).toBeLessThan(expected)\n\nExpected: < 150\nReceived:   159.59243600000627","pass":false}}],"failureMessages":["Error: expect(received).toBeLessThan(expected)\n\nExpected: < 150\nReceived:   159.59243600000627\n    at Object.toBeLessThan (/Users/mzm/Desktop/cairn/CairnNZ/app/src/features/memory/__tests__/revision03MemoryScale.test.ts:428:33)\n    at Generator.next (<anonymous>)\n    at asyncGeneratorStep (/Users/mzm/Desktop/cairn/CairnNZ/app/node_modules/@babel/runtime/helpers/asyncToGenerator.js:3:17)\n    at _next (/Users/mzm/Desktop/cairn/CairnNZ/app/node_modules/@babel/runtime/helpers/asyncToGenerator.js:17:9)"],"fullName":"revision-03 representative distinct Memory scale and foreground responsiveness 10,000 distinct-location diagnostic retains every input without duplicate inflation","invocations":1,"location":null,"numPassingAsserts":6,"retryReasons":[],"status":"failed","title":"10,000 distinct-location diagnostic retains every input without duplicate inflation"},{"ancestorTitles":["revision-03 representative distinct Memory scale and foreground responsiveness"],"duration":29,"failureDetails":[],"failureMessages":[],"fullName":"revision-03 representative distinct Memory scale and foreground responsiveness a single tiled footprint stays within the exact 30 m ground-distance authority","invocations":1,"location":null,"numPassingAsserts":3,"retryReasons":[],"status":"passed","title":"a single tiled footprint stays within the exact 30 m ground-distance authority"}],"endTime":1789822457198,"message":"  ● revision-03 representative distinct Memory scale and foreground responsiveness › 2,001 distinct accepted footprints cold-load in bounded slices and retain truth during a live append\n\n    expect(received).toBeLessThan(expected)\n\n    Expected: < 150\n    Received:   164\n\n      345 |     expect(sampledRetainedLoss).toBe(0);\n      346 |     expect(unsupportedReveal.unsupportedCount).toBe(BUDGETS.sampledUnsupportedRevealCount);\n    > 347 |     expect(maxSynchronousSliceMs).toBeLessThan(BUDGETS.maxSynchronousGeometrySliceMs);\n          |                                   ^\n      348 |     expect(composeFogShapeMs).toBeLessThan(BUDGETS.maxSynchronousGeometrySliceMs);\n      349 |     expect(renderPreparationMs).toBeLessThan(BUDGETS.maxSynchronousGeometrySliceMs);\n      350 |     expect(Math.max(...coldEventLoopDelayMs, ...incrementalEventLoopDelaySamples))\n\n      at Object.toBeLessThan (src/features/memory/__tests__/revision03MemoryScale.test.ts:347:35)\n      at asyncGeneratorStep (node_modules/@babel/runtime/helpers/asyncToGenerator.js:3:17)\n      at _next (node_modules/@babel/runtime/helpers/asyncToGenerator.js:17:9)\n\n  ● revision-03 representative distinct Memory scale and foreground responsiveness › 2,001-location self history plus 2,000 coarse friend cells stays tile-local and responsive\n\n    expect(received).toBeLessThan(expected)\n\n    Expected: < 150\n    Received:   161\n\n      380 |     expect(combined.rejectedFriendCellCount).toBe(0);\n      381 |     expect(selfEvidence.cache.tiles.size).toBe(selfTileCount);\n    > 382 |     expect(maxSliceMs).toBeLessThan(BUDGETS.maxSynchronousGeometrySliceMs);\n          |                        ^\n      383 |     expect(Math.max(...eventLoopDelayMs)).toBeLessThan(BUDGETS.maxEventLoopSchedulingDelayMs);\n      384 |     expect(composeMs).toBeLessThan(BUDGETS.maxSynchronousGeometrySliceMs);\n      385 |     expect(totalMs).toBeLessThan(BUDGETS.combinedFriend2000Ms);\n\n      at Object.toBeLessThan (src/features/memory/__tests__/revision03MemoryScale.test.ts:382:24)\n      at asyncGeneratorStep (node_modules/@babel/runtime/helpers/asyncToGenerator.js:3:17)\n      at _next (node_modules/@babel/runtime/helpers/asyncToGenerator.js:17:9)\n\n  ● revision-03 representative distinct Memory scale and foreground responsiveness › 10,000 distinct-location diagnostic retains every input without duplicate inflation\n\n    expect(received).toBeLessThan(expected)\n\n    Expected: < 150\n    Received:   159.59243600000627\n\n      426 |     const maxSynchronousSliceMs = Math.max(...sliceDurationsMs);\n      427 |     expect(maxSynchronousSliceMs).toBeLessThan(BUDGETS.maxSynchronousGeometrySliceMs);\n    > 428 |     expect(renderPreparationMs).toBeLessThan(BUDGETS.maxSynchronousGeometrySliceMs);\n          |                                 ^\n      429 |     expect(composeFogShapeMs).toBeLessThan(BUDGETS.maxSynchronousGeometrySliceMs);\n      430 |     expect(Math.max(...eventLoopDelaySamples)).toBeLessThan(BUDGETS.maxEventLoopSchedulingDelayMs);\n      431 |     expect(totalMs).toBeLessThan(BUDGETS.diagnostic10000Ms);\n\n      at Object.toBeLessThan (src/features/memory/__tests__/revision03MemoryScale.test.ts:428:33)\n      at asyncGeneratorStep (node_modules/@babel/runtime/helpers/asyncToGenerator.js:3:17)\n      at _next (node_modules/@babel/runtime/helpers/asyncToGenerator.js:17:9)\n","name":"/Users/mzm/Desktop/cairn/CairnNZ/app/src/features/memory/__tests__/revision03MemoryScale.test.ts","startTime":1789822292112,"status":"failed","summary":""}],"wasInterrupted":false}
