{"numFailedTestSuites":1,"numFailedTests":1,"numPassedTestSuites":0,"numPassedTests":5,"numPendingTestSuites":0,"numPendingTests":0,"numRuntimeErrorTestSuites":0,"numTodoTests":0,"numTotalTestSuites":1,"numTotalTests":6,"openHandles":[],"snapshot":{"added":0,"didUpdate":false,"failure":false,"filesAdded":0,"filesRemoved":0,"filesRemovedList":[],"filesUnmatched":0,"filesUpdated":0,"matched":0,"total":0,"unchecked":0,"uncheckedKeysByFile":[],"unmatched":0,"updated":0},"startTime":1789872812774,"success":false,"testResults":[{"assertionResults":[{"ancestorTitles":["revision-03 representative distinct Memory scale and foreground responsiveness"],"duration":7,"failureDetails":[],"failureMessages":[],"fullName":"revision-03 representative distinct Memory scale and foreground responsiveness display-cache storage rejection is reported without an unhandled rejected write","invocations":1,"location":null,"numPassingAsserts":1,"retryReasons":[],"status":"passed","title":"display-cache storage rejection is reported without an unhandled rejected write"},{"ancestorTitles":["revision-03 representative distinct Memory scale and foreground responsiveness"],"duration":7,"failureDetails":[],"failureMessages":[],"fullName":"revision-03 representative distinct Memory scale and foreground responsiveness account purge fences and removes a deferred precise-geometry cache write","invocations":1,"location":null,"numPassingAsserts":5,"retryReasons":[],"status":"passed","title":"account purge fences and removes a deferred precise-geometry cache write"},{"ancestorTitles":["revision-03 representative distinct Memory scale and foreground responsiveness"],"duration":12893,"failureDetails":[],"failureMessages":[],"fullName":"revision-03 representative distinct Memory scale and foreground responsiveness 2,001 distinct accepted footprints cold-load in bounded slices and retain truth during a live append","invocations":1,"location":null,"numPassingAsserts":21,"retryReasons":[],"status":"passed","title":"2,001 distinct accepted footprints cold-load in bounded slices and retain truth during a live append"},{"ancestorTitles":["revision-03 representative distinct Memory scale and foreground responsiveness"],"duration":34616,"failureDetails":[{"matcherResult":{"message":"expect(received).toBeLessThan(expected)\n\nExpected: < 150\nReceived:   184.15002699999604","pass":false}}],"failureMessages":["Error: expect(received).toBeLessThan(expected)\n\nExpected: < 150\nReceived:   184.15002699999604\n    at Object.toBeLessThan (/Users/mzm/Desktop/cairn/CairnNZ/app/src/features/memory/__tests__/revision03MemoryScale.test.ts:429:43)\n    at Generator.next (<anonymous>)\n    at asyncGeneratorStep (/Users/mzm/Desktop/cairn/CairnNZ/app/node_modules/@babel/runtime/helpers/asyncToGenerator.js:3:17)\n    at _next (/Users/mzm/Desktop/cairn/CairnNZ/app/node_modules/@babel/runtime/helpers/asyncToGenerator.js:17:9)"],"fullName":"revision-03 representative distinct Memory scale and foreground responsiveness 2,001-location self history plus 2,000 coarse friend cells stays tile-local and responsive","invocations":1,"location":null,"numPassingAsserts":6,"retryReasons":[],"status":"failed","title":"2,001-location self history plus 2,000 coarse friend cells stays tile-local and responsive"},{"ancestorTitles":["revision-03 representative distinct Memory scale and foreground responsiveness"],"duration":53857,"failureDetails":[],"failureMessages":[],"fullName":"revision-03 representative distinct Memory scale and foreground responsiveness 10,000 distinct-location diagnostic retains every input without duplicate inflation","invocations":1,"location":null,"numPassingAsserts":10,"retryReasons":[],"status":"passed","title":"10,000 distinct-location diagnostic retains every input without duplicate inflation"},{"ancestorTitles":["revision-03 representative distinct Memory scale and foreground responsiveness"],"duration":23,"failureDetails":[],"failureMessages":[],"fullName":"revision-03 representative distinct Memory scale and foreground responsiveness a single tiled footprint stays within the exact 30 m ground-distance authority","invocations":1,"location":null,"numPassingAsserts":3,"retryReasons":[],"status":"passed","title":"a single tiled footprint stays within the exact 30 m ground-distance authority"}],"endTime":1789872917258,"message":"  ● revision-03 representative distinct Memory scale and foreground responsiveness › 2,001-location self history plus 2,000 coarse friend cells stays tile-local and responsive\n\n    expect(received).toBeLessThan(expected)\n\n    Expected: < 150\n    Received:   184.15002699999604\n\n      427 |     expect(selfEvidence.cache.tiles.size).toBe(selfTileCount);\n      428 |     expect(maxSliceMs).toBeLessThan(BUDGETS.maxSynchronousGeometrySliceMs);\n    > 429 |     expect(Math.max(...eventLoopDelayMs)).toBeLessThan(BUDGETS.maxEventLoopSchedulingDelayMs);\n          |                                           ^\n      430 |     expect(composeMs).toBeLessThan(BUDGETS.maxSynchronousGeometrySliceMs);\n      431 |     expect(totalMs).toBeLessThan(BUDGETS.combinedFriend2000Ms);\n      432 |     output.cases.push({\n\n      at Object.toBeLessThan (src/features/memory/__tests__/revision03MemoryScale.test.ts:429:43)\n      at asyncGeneratorStep (node_modules/@babel/runtime/helpers/asyncToGenerator.js:3:17)\n      at _next (node_modules/@babel/runtime/helpers/asyncToGenerator.js:17:9)\n","name":"/Users/mzm/Desktop/cairn/CairnNZ/app/src/features/memory/__tests__/revision03MemoryScale.test.ts","startTime":1789872813287,"status":"failed","summary":""}],"wasInterrupted":false}
